c:\users\clach\documents\visual studio code\c++\rosy_ia\rosy_ia\x64\debug\vc143.pdb
c:\users\clach\documents\visual studio code\c++\rosy_ia\rosy_ia\x64\debug\vc143.idb
c:\users\clach\documents\visual studio code\c++\rosy_ia\rosy_ia\x64\debug\rosy_ia.obj
c:\users\clach\documents\visual studio code\c++\rosy_ia\x64\debug\rosy_ia.pdb
c:\users\clach\documents\visual studio code\c++\rosy_ia\rosy_ia\x64\debug\rosy_ia.tlog\cl.command.1.tlog
c:\users\clach\documents\visual studio code\c++\rosy_ia\rosy_ia\x64\debug\rosy_ia.tlog\cl.read.1.tlog
c:\users\clach\documents\visual studio code\c++\rosy_ia\rosy_ia\x64\debug\rosy_ia.tlog\cl.write.1.tlog
c:\users\clach\documents\visual studio code\c++\rosy_ia\rosy_ia\x64\debug\rosy_ia.tlog\link-cvtres.read.1.tlog
c:\users\clach\documents\visual studio code\c++\rosy_ia\rosy_ia\x64\debug\rosy_ia.tlog\link-cvtres.write.1.tlog
c:\users\clach\documents\visual studio code\c++\rosy_ia\rosy_ia\x64\debug\rosy_ia.tlog\link-rc.read.1.tlog
c:\users\clach\documents\visual studio code\c++\rosy_ia\rosy_ia\x64\debug\rosy_ia.tlog\link-rc.write.1.tlog
c:\users\clach\documents\visual studio code\c++\rosy_ia\rosy_ia\x64\debug\rosy_ia.tlog\link.17132-cvtres.read.1.tlog
c:\users\clach\documents\visual studio code\c++\rosy_ia\rosy_ia\x64\debug\rosy_ia.tlog\link.17132-cvtres.write.1.tlog
c:\users\clach\documents\visual studio code\c++\rosy_ia\rosy_ia\x64\debug\rosy_ia.tlog\link.17132-rc.read.1.tlog
c:\users\clach\documents\visual studio code\c++\rosy_ia\rosy_ia\x64\debug\rosy_ia.tlog\link.17132-rc.write.1.tlog
c:\users\clach\documents\visual studio code\c++\rosy_ia\rosy_ia\x64\debug\rosy_ia.tlog\link.17132.read.1.tlog
c:\users\clach\documents\visual studio code\c++\rosy_ia\rosy_ia\x64\debug\rosy_ia.tlog\link.17132.read.2.tlog
c:\users\clach\documents\visual studio code\c++\rosy_ia\rosy_ia\x64\debug\rosy_ia.tlog\link.17132.write.1.tlog
c:\users\clach\documents\visual studio code\c++\rosy_ia\rosy_ia\x64\debug\rosy_ia.tlog\link.command.1.tlog
c:\users\clach\documents\visual studio code\c++\rosy_ia\rosy_ia\x64\debug\rosy_ia.tlog\link.read.1.tlog
c:\users\clach\documents\visual studio code\c++\rosy_ia\rosy_ia\x64\debug\rosy_ia.tlog\link.read.2.tlog
c:\users\clach\documents\visual studio code\c++\rosy_ia\rosy_ia\x64\debug\rosy_ia.tlog\link.write.1.tlog
